<?xml version="1.0" encoding="UTF-8"?>
<!-- Generated by org.testng.reporters.JUnitReportReporter -->
<testsuite hostname="LAPTOP-DUI18JHK" failures="0" tests="1" name="testcase.TestcasePR" time="2.528" errors="0" timestamp="2022-01-31T01:24:40 IST" skipped="0">
  <testcase classname="testcase.TestcasePR" name="PRpoints" time="2.528"/>
  <system-out/>
</testsuite> <!-- testcase.TestcasePR -->
